-------------------------------------------------------------------------------
Test set: com.springboot.test.springboot.SpringbootApplicationTests
-------------------------------------------------------------------------------
Tests run: 1, Failures: 0, Errors: 1, Skipped: 0, Time elapsed: 0.429 s <<< FAILURE! - in com.springboot.test.springboot.SpringbootApplicationTests
com.springboot.test.springboot.SpringbootApplicationTests  Time elapsed: 0.427 s  <<< ERROR!
java.lang.IllegalStateException: Unable to find a @SpringBootConfiguration, you need to use @ContextConfiguration or @SpringBootTest(classes=...) with your test

